%!Adobe-FontList 1.16
%Locale:0x409

%BeginFont
Handler:DirectoryHandler
FontType:TrueType
FontName:OpenSans-Bold
FamilyName:Open Sans
StyleName:Bold
MenuName:Open Sans
StyleBits:2
WeightClass:700
WidthClass:5
AngleClass:0
FullName:Open Sans Bold
WritingScript:Roman
OutlineFileName:\OpenSans-Bold.ttf
DataFormat:sfntData
FileLength:224592
FileModTime:1426549867
NameArray:0,Mac,4,Open Sans Bold
NameArray:0,Win,1,Open Sans
%EndFont

%BeginFont
Handler:DirectoryHandler
FontType:Type1
FontName:Yataghan-Regular
FamilyName:Yataghan
StyleName:Regular
MenuName:Yataghan
StyleBits:0
WeightClass:400
WidthClass:5
AngleClass:0
FullName:Yataghan Regular
WritingScript:Roman
OutlineFileName:\Yataghan-Regular.otf
DataFormat:sfntData
UsesStandardEncoding:yes
isCFF:yes
FileLength:30712
FileModTime:1426549867
NameArray:0,Mac,4,Yataghan Regular
NameArray:0,Win,1,Yataghan
%EndFont

