%!Adobe-FontList 1.14
%Locale:0x409

%BeginFont
Handler:DirectoryHandler
FontType:TrueType
FontName:FuturaBT-Light
FamilyName:Futura Lt BT
StyleName:Light
MenuName:Futura Lt BT
StyleBits:0
WeightClass:400
WidthClass:5
AngleClass:0
FullName:Futura Light BT
WritingScript:Roman
OutlineFileName:\Futura Light BT.ttf
DataFormat:sfntData
FileLength:36992
FileModTime:973702702
%EndFont

%BeginFont
Handler:DirectoryHandler
FontType:TrueType
FontName:Futura-Medium
FamilyName:Futura
StyleName:Medium
MenuName:Futura
StyleBits:0
WeightClass:500
WidthClass:5
AngleClass:0
FullName:Futura Medium
WritingScript:Roman
OutlineFileName:\Futura.ttc
TTCOffset:40
DataFormat:sfntData
FileLength:315748
FileModTime:1412029208
%EndFont

%BeginFont
Handler:DirectoryHandler
FontType:TrueType
FontName:Futura-MediumItalic
FamilyName:Futura
StyleName:Medium Italic
MenuName:Futura
StyleBits:1
WeightClass:500
WidthClass:5
AngleClass:1
FullName:Futura Medium Italic
WritingScript:Roman
OutlineFileName:\Futura.ttc
TTCOffset:340
DataFormat:sfntData
FileLength:315748
FileModTime:1412029208
%EndFont

%BeginFont
Handler:DirectoryHandler
FontType:TrueType
FontName:Futura-CondensedMedium
FamilyName:Futura
StyleName:Condensed Medium
MenuName:Futura
StyleBits:0
WeightClass:500
WidthClass:3
AngleClass:0
FullName:Futura Condensed Medium
WritingScript:Roman
OutlineFileName:\Futura.ttc
TTCOffset:624
DataFormat:sfntData
FileLength:315748
FileModTime:1412029208
%EndFont

%BeginFont
Handler:DirectoryHandler
FontType:TrueType
FontName:Futura-CondensedExtraBold
FamilyName:Futura
StyleName:Condensed ExtraBold
MenuName:Futura
StyleBits:2
WeightClass:800
WidthClass:3
AngleClass:0
FullName:Futura Condensed ExtraBold
WritingScript:Roman
OutlineFileName:\Futura.ttc
TTCOffset:908
DataFormat:sfntData
FileLength:315748
FileModTime:1412029208
%EndFont

%BeginFont
Handler:DirectoryHandler
FontType:Type1
FontName:Yataghan-Regular
FamilyName:Yataghan
StyleName:Regular
MenuName:Yataghan
StyleBits:0
WeightClass:400
WidthClass:5
AngleClass:0
FullName:Yataghan Regular
WritingScript:Roman
OutlineFileName:\Yataghan-Regular.otf
DataFormat:sfntData
UsesStandardEncoding:yes
isCFF:yes
FileLength:30712
FileModTime:1426549867
%EndFont

